# JRE version: OpenJDK Runtime Environment (Zulu 8.88.0.19-CA-macosx) (8.0_462-b08) (build 1.8.0_462-b08)
# Java VM: OpenJDK 64-Bit Server VM (25.462-b08 mixed mode bsd-amd64 compressed oops)
Heap:
 PSYoungGen      total 272896K, used 7181K [0x000000076ab00000, 0x000000077c000000, 0x00000007c0000000)
  eden space 262144K, 2% used [0x000000076ab00000,0x000000076b2034b0,0x000000077ab00000)
  from space 10752K, 0% used [0x000000077b580000,0x000000077b580000,0x000000077c000000)
  to   space 10752K, 0% used [0x000000077ab00000,0x000000077ab00000,0x000000077b580000)
 ParOldGen       total 175104K, used 54874K [0x00000006c0000000, 0x00000006cab00000, 0x000000076ab00000)
  object space 175104K, 31% used [0x00000006c0000000,0x00000006c3596a68,0x00000006cab00000)
 Metaspace       used 14830K, capacity 14997K, committed 15232K, reserved 1062912K
  class space    used 1533K, capacity 1603K, committed 1664K, reserved 1048576K
GC Heap History (10 events):
Event: 9.347 GC heap before
{Heap before GC invocations=5 (full 1):
 PSYoungGen      total 272896K, used 5141K [0x000000076ab00000, 0x000000077c000000, 0x00000007c0000000)
  eden space 262144K, 0% used [0x000000076ab00000,0x000000076ab00000,0x000000077ab00000)
  from space 10752K, 47% used [0x000000077b580000,0x000000077ba85748,0x000000077c000000)
  to   space 10752K, 0% used [0x000000077ab00000,0x000000077ab00000,0x000000077b580000)
 ParOldGen       total 175104K, used 8280K [0x00000006c0000000, 0x00000006cab00000, 0x000000076ab00000)
  object space 175104K, 4% used [0x00000006c0000000,0x00000006c0816020,0x00000006cab00000)
 Metaspace       used 14316K, capacity 14517K, committed 14720K, reserved 1062912K
  class space    used 1487K, capacity 1571K, committed 1664K, reserved 1048576K
Event: 9.373 GC heap after
Heap after GC invocations=5 (full 1):
 PSYoungGen      total 272896K, used 0K [0x000000076ab00000, 0x000000077c000000, 0x00000007c0000000)
  eden space 262144K, 0% used [0x000000076ab00000,0x000000076ab00000,0x000000077ab00000)
  from space 10752K, 0% used [0x000000077b580000,0x000000077b580000,0x000000077c000000)
  to   space 10752K, 0% used [0x000000077ab00000,0x000000077ab00000,0x000000077b580000)
 ParOldGen       total 175104K, used 13208K [0x00000006c0000000, 0x00000006cab00000, 0x000000076ab00000)
  object space 175104K, 7% used [0x00000006c0000000,0x00000006c0ce6178,0x00000006cab00000)
 Metaspace       used 14316K, capacity 14517K, committed 14720K, reserved 1062912K
  class space    used 1487K, capacity 1571K, committed 1664K, reserved 1048576K
}
Event: 9.374 GC heap before
{Heap before GC invocations=6 (full 1):
 PSYoungGen      total 272896K, used 0K [0x000000076ab00000, 0x000000077c000000, 0x00000007c0000000)
  eden space 262144K, 0% used [0x000000076ab00000,0x000000076ab00000,0x000000077ab00000)
  from space 10752K, 0% used [0x000000077b580000,0x000000077b580000,0x000000077c000000)
  to   space 10752K, 0% used [0x000000077ab00000,0x000000077ab00000,0x000000077b580000)
 ParOldGen       total 175104K, used 13208K [0x00000006c0000000, 0x00000006cab00000, 0x000000076ab00000)
  object space 175104K, 7% used [0x00000006c0000000,0x00000006c0ce6178,0x00000006cab00000)
 Metaspace       used 14316K, capacity 14517K, committed 14720K, reserved 1062912K
  class space    used 1487K, capacity 1571K, committed 1664K, reserved 1048576K
Event: 9.374 GC heap after
Heap after GC invocations=6 (full 1):
 PSYoungGen      total 272896K, used 0K [0x000000076ab00000, 0x000000077c000000, 0x00000007c0000000)
  eden space 262144K, 0% used [0x000000076ab00000,0x000000076ab00000,0x000000077ab00000)
  from space 10752K, 0% used [0x000000077ab00000,0x000000077ab00000,0x000000077b580000)
  to   space 10752K, 0% used [0x000000077b580000,0x000000077b580000,0x000000077c000000)
 ParOldGen       total 175104K, used 13208K [0x00000006c0000000, 0x00000006cab00000, 0x000000076ab00000)
  object space 175104K, 7% used [0x00000006c0000000,0x00000006c0ce6178,0x00000006cab00000)
 Metaspace       used 14316K, capacity 14517K, committed 14720K, reserved 1062912K
  class space    used 1487K, capacity 1571K, committed 1664K, reserved 1048576K
}
Event: 9.374 GC heap before
{Heap before GC invocations=7 (full 2):
 PSYoungGen      total 272896K, used 0K [0x000000076ab00000, 0x000000077c000000, 0x00000007c0000000)
  eden space 262144K, 0% used [0x000000076ab00000,0x000000076ab00000,0x000000077ab00000)
  from space 10752K, 0% used [0x000000077ab00000,0x000000077ab00000,0x000000077b580000)
  to   space 10752K, 0% used [0x000000077b580000,0x000000077b580000,0x000000077c000000)
 ParOldGen       total 175104K, used 13208K [0x00000006c0000000, 0x00000006cab00000, 0x000000076ab00000)
  object space 175104K, 7% used [0x00000006c0000000,0x00000006c0ce6178,0x00000006cab00000)
 Metaspace       used 14316K, capacity 14517K, committed 14720K, reserved 1062912K
  class space    used 1487K, capacity 1571K, committed 1664K, reserved 1048576K
Event: 9.384 GC heap after
Heap after GC invocations=7 (full 2):
 PSYoungGen      total 272896K, used 0K [0x000000076ab00000, 0x000000077c000000, 0x00000007c0000000)
  eden space 262144K, 0% used [0x000000076ab00000,0x000000076ab00000,0x000000077ab00000)
  from space 10752K, 0% used [0x000000077ab00000,0x000000077ab00000,0x000000077b580000)
  to   space 10752K, 0% used [0x000000077b580000,0x000000077b580000,0x000000077c000000)
 ParOldGen       total 175104K, used 13208K [0x00000006c0000000, 0x00000006cab00000, 0x000000076ab00000)
  object space 175104K, 7% used [0x00000006c0000000,0x00000006c0ce6178,0x00000006cab00000)
 Metaspace       used 14316K, capacity 14517K, committed 14720K, reserved 1062912K
  class space    used 1487K, capacity 1571K, committed 1664K, reserved 1048576K
}
Event: 12.875 GC heap before
{Heap before GC invocations=8 (full 2):
 PSYoungGen      total 272896K, used 104428K [0x000000076ab00000, 0x000000077c000000, 0x00000007c0000000)
  eden space 262144K, 39% used [0x000000076ab00000,0x00000007710fb1b0,0x000000077ab00000)
  from space 10752K, 0% used [0x000000077ab00000,0x000000077ab00000,0x000000077b580000)
  to   space 10752K, 0% used [0x000000077b580000,0x000000077b580000,0x000000077c000000)
 ParOldGen       total 175104K, used 13208K [0x00000006c0000000, 0x00000006cab00000, 0x000000076ab00000)
  object space 175104K, 7% used [0x00000006c0000000,0x00000006c0ce6178,0x00000006cab00000)
 Metaspace       used 14826K, capacity 14997K, committed 15232K, reserved 1062912K
  class space    used 1533K, capacity 1603K, committed 1664K, reserved 1048576K
Event: 12.902 GC heap after
Heap after GC invocations=8 (full 2):
 PSYoungGen      total 272896K, used 10746K [0x000000076ab00000, 0x000000077c000000, 0x00000007c0000000)
  eden space 262144K, 0% used [0x000000076ab00000,0x000000076ab00000,0x000000077ab00000)
  from space 10752K, 99% used [0x000000077b580000,0x000000077bffeaa8,0x000000077c000000)
  to   space 10752K, 0% used [0x000000077ab00000,0x000000077ab00000,0x000000077b580000)
 ParOldGen       total 175104K, used 44808K [0x00000006c0000000, 0x00000006cab00000, 0x000000076ab00000)
  object space 175104K, 25% used [0x00000006c0000000,0x00000006c2bc2018,0x00000006cab00000)
 Metaspace       used 14826K, capacity 14997K, committed 15232K, reserved 1062912K
  class space    used 1533K, capacity 1603K, committed 1664K, reserved 1048576K
}
Event: 12.902 GC heap before
{Heap before GC invocations=9 (full 3):
 PSYoungGen      total 272896K, used 10746K [0x000000076ab00000, 0x000000077c000000, 0x00000007c0000000)
  eden space 262144K, 0% used [0x000000076ab00000,0x000000076ab00000,0x000000077ab00000)
  from space 10752K, 99% used [0x000000077b580000,0x000000077bffeaa8,0x000000077c000000)
  to   space 10752K, 0% used [0x000000077ab00000,0x000000077ab00000,0x000000077b580000)
 ParOldGen       total 175104K, used 44808K [0x00000006c0000000, 0x00000006cab00000, 0x000000076ab00000)
  object space 175104K, 25% used [0x00000006c0000000,0x00000006c2bc2018,0x00000006cab00000)
 Metaspace       used 14826K, capacity 14997K, committed 15232K, reserved 1062912K
  class space    used 1533K, capacity 1603K, committed 1664K, reserved 1048576K
Event: 13.005 GC heap after
Heap after GC invocations=9 (full 3):
 PSYoungGen      total 272896K, used 0K [0x000000076ab00000, 0x000000077c000000, 0x00000007c0000000)
  eden space 262144K, 0% used [0x000000076ab00000,0x000000076ab00000,0x000000077ab00000)
  from space 10752K, 0% used [0x000000077b580000,0x000000077b580000,0x000000077c000000)
  to   space 10752K, 0% used [0x000000077ab00000,0x000000077ab00000,0x000000077b580000)
 ParOldGen       total 175104K, used 54874K [0x00000006c0000000, 0x00000006cab00000, 0x000000076ab00000)
  object space 175104K, 31% used [0x00000006c0000000,0x00000006c3596a68,0x00000006cab00000)
 Metaspace       used 14826K, capacity 14997K, committed 15232K, reserved 1062912K
  class space    used 1533K, capacity 1603K, committed 1664K, reserved 1048576K
}

